<?xml version="1.0" encoding="UTF-8"?>
<testsuite xmlns:xsi="http://www.w3.org/2001/XMLSchema-instance" xsi:noNamespaceSchemaLocation="https://maven.apache.org/surefire/maven-surefire-plugin/xsd/surefire-test-report.xsd" name="com.gittigidiyor.runners.CukesRunner" time="32.86" tests="0" errors="0" skipped="0" failures="0">
  <properties>
    <property name="sun.desktop" value="windows"/>
    <property name="awt.toolkit" value="sun.awt.windows.WToolkit"/>
    <property name="file.encoding.pkg" value="sun.io"/>
    <property name="java.specification.version" value="1.8"/>
    <property name="sun.cpu.isalist" value="amd64"/>
    <property name="sun.jnu.encoding" value="Cp1252"/>
    <property name="java.class.path" value="C:\Users\cemis\IdeaProjects\Testinium_Case_Study\target\test-classes;C:\Users\cemis\IdeaProjects\Testinium_Case_Study\target\classes;C:\Users\cemis\.m2\repository\org\seleniumhq\selenium\selenium-java\3.141.59\selenium-java-3.141.59.jar;C:\Users\cemis\.m2\repository\org\seleniumhq\selenium\selenium-api\3.141.59\selenium-api-3.141.59.jar;C:\Users\cemis\.m2\repository\org\seleniumhq\selenium\selenium-chrome-driver\3.141.59\selenium-chrome-driver-3.141.59.jar;C:\Users\cemis\.m2\repository\org\seleniumhq\selenium\selenium-edge-driver\3.141.59\selenium-edge-driver-3.141.59.jar;C:\Users\cemis\.m2\repository\org\seleniumhq\selenium\selenium-firefox-driver\3.141.59\selenium-firefox-driver-3.141.59.jar;C:\Users\cemis\.m2\repository\org\seleniumhq\selenium\selenium-ie-driver\3.141.59\selenium-ie-driver-3.141.59.jar;C:\Users\cemis\.m2\repository\org\seleniumhq\selenium\selenium-opera-driver\3.141.59\selenium-opera-driver-3.141.59.jar;C:\Users\cemis\.m2\repository\org\seleniumhq\selenium\selenium-remote-driver\3.141.59\selenium-remote-driver-3.141.59.jar;C:\Users\cemis\.m2\repository\org\seleniumhq\selenium\selenium-safari-driver\3.141.59\selenium-safari-driver-3.141.59.jar;C:\Users\cemis\.m2\repository\org\seleniumhq\selenium\selenium-support\3.141.59\selenium-support-3.141.59.jar;C:\Users\cemis\.m2\repository\net\bytebuddy\byte-buddy\1.8.15\byte-buddy-1.8.15.jar;C:\Users\cemis\.m2\repository\org\apache\commons\commons-exec\1.3\commons-exec-1.3.jar;C:\Users\cemis\.m2\repository\com\google\guava\guava\25.0-jre\guava-25.0-jre.jar;C:\Users\cemis\.m2\repository\com\google\code\findbugs\jsr305\1.3.9\jsr305-1.3.9.jar;C:\Users\cemis\.m2\repository\org\checkerframework\checker-compat-qual\2.0.0\checker-compat-qual-2.0.0.jar;C:\Users\cemis\.m2\repository\com\google\errorprone\error_prone_annotations\2.1.3\error_prone_annotations-2.1.3.jar;C:\Users\cemis\.m2\repository\com\google\j2objc\j2objc-annotations\1.1\j2objc-annotations-1.1.jar;C:\Users\cemis\.m2\repository\org\codehaus\mojo\animal-sniffer-annotations\1.14\animal-sniffer-annotations-1.14.jar;C:\Users\cemis\.m2\repository\com\squareup\okhttp3\okhttp\3.11.0\okhttp-3.11.0.jar;C:\Users\cemis\.m2\repository\com\squareup\okio\okio\1.14.0\okio-1.14.0.jar;C:\Users\cemis\.m2\repository\io\github\bonigarcia\webdrivermanager\4.1.0\webdrivermanager-4.1.0.jar;C:\Users\cemis\.m2\repository\org\slf4j\slf4j-api\1.7.30\slf4j-api-1.7.30.jar;C:\Users\cemis\.m2\repository\commons-io\commons-io\2.7\commons-io-2.7.jar;C:\Users\cemis\.m2\repository\org\apache\commons\commons-lang3\3.10\commons-lang3-3.10.jar;C:\Users\cemis\.m2\repository\org\apache\httpcomponents\client5\httpclient5\5.0.1\httpclient5-5.0.1.jar;C:\Users\cemis\.m2\repository\org\apache\httpcomponents\core5\httpcore5\5.0.1\httpcore5-5.0.1.jar;C:\Users\cemis\.m2\repository\org\apache\httpcomponents\core5\httpcore5-h2\5.0.1\httpcore5-h2-5.0.1.jar;C:\Users\cemis\.m2\repository\commons-codec\commons-codec\1.13\commons-codec-1.13.jar;C:\Users\cemis\.m2\repository\org\rauschig\jarchivelib\1.0.0\jarchivelib-1.0.0.jar;C:\Users\cemis\.m2\repository\org\apache\commons\commons-compress\1.18\commons-compress-1.18.jar;C:\Users\cemis\.m2\repository\org\jsoup\jsoup\1.13.1\jsoup-1.13.1.jar;C:\Users\cemis\.m2\repository\io\cucumber\cucumber-java\5.7.0\cucumber-java-5.7.0.jar;C:\Users\cemis\.m2\repository\io\cucumber\cucumber-core\5.7.0\cucumber-core-5.7.0.jar;C:\Users\cemis\.m2\repository\io\cucumber\cucumber-gherkin\5.7.0\cucumber-gherkin-5.7.0.jar;C:\Users\cemis\.m2\repository\io\cucumber\cucumber-gherkin-vintage\5.7.0\cucumber-gherkin-vintage-5.7.0.jar;C:\Users\cemis\.m2\repository\io\cucumber\tag-expressions\2.0.4\tag-expressions-2.0.4.jar;C:\Users\cemis\.m2\repository\io\cucumber\cucumber-expressions\8.3.1\cucumber-expressions-8.3.1.jar;C:\Users\cemis\.m2\repository\io\cucumber\datatable\3.3.1\datatable-3.3.1.jar;C:\Users\cemis\.m2\repository\io\cucumber\cucumber-plugin\5.7.0\cucumber-plugin-5.7.0.jar;C:\Users\cemis\.m2\repository\io\cucumber\docstring\5.7.0\docstring-5.7.0.jar;C:\Users\cemis\.m2\repository\org\apiguardian\apiguardian-api\1.1.0\apiguardian-api-1.1.0.jar;C:\Users\cemis\.m2\repository\io\cucumber\cucumber-junit\5.7.0\cucumber-junit-5.7.0.jar;C:\Users\cemis\.m2\repository\junit\junit\4.13\junit-4.13.jar;C:\Users\cemis\.m2\repository\org\hamcrest\hamcrest-core\1.3\hamcrest-core-1.3.jar;C:\Users\cemis\.m2\repository\io\rest-assured\rest-assured\4.3.3\rest-assured-4.3.3.jar;C:\Users\cemis\.m2\repository\org\codehaus\groovy\groovy\3.0.7\groovy-3.0.7.jar;C:\Users\cemis\.m2\repository\org\codehaus\groovy\groovy-xml\3.0.7\groovy-xml-3.0.7.jar;C:\Users\cemis\.m2\repository\org\apache\httpcomponents\httpclient\4.5.3\httpclient-4.5.3.jar;C:\Users\cemis\.m2\repository\org\apache\httpcomponents\httpcore\4.4.6\httpcore-4.4.6.jar;C:\Users\cemis\.m2\repository\commons-logging\commons-logging\1.2\commons-logging-1.2.jar;C:\Users\cemis\.m2\repository\org\apache\httpcomponents\httpmime\4.5.3\httpmime-4.5.3.jar;C:\Users\cemis\.m2\repository\org\hamcrest\hamcrest\2.1\hamcrest-2.1.jar;C:\Users\cemis\.m2\repository\org\ccil\cowan\tagsoup\tagsoup\1.2.1\tagsoup-1.2.1.jar;C:\Users\cemis\.m2\repository\io\rest-assured\json-path\4.3.3\json-path-4.3.3.jar;C:\Users\cemis\.m2\repository\org\codehaus\groovy\groovy-json\3.0.7\groovy-json-3.0.7.jar;C:\Users\cemis\.m2\repository\io\rest-assured\rest-assured-common\4.3.3\rest-assured-common-4.3.3.jar;C:\Users\cemis\.m2\repository\io\rest-assured\xml-path\4.3.3\xml-path-4.3.3.jar;C:\Users\cemis\.m2\repository\jakarta\xml\bind\jakarta.xml.bind-api\2.3.3\jakarta.xml.bind-api-2.3.3.jar;C:\Users\cemis\.m2\repository\jakarta\activation\jakarta.activation-api\1.2.2\jakarta.activation-api-1.2.2.jar;C:\Users\cemis\.m2\repository\com\sun\xml\bind\jaxb-impl\2.3.3\jaxb-impl-2.3.3.jar;C:\Users\cemis\.m2\repository\org\testng\testng\7.1.0\testng-7.1.0.jar;C:\Users\cemis\.m2\repository\com\beust\jcommander\1.72\jcommander-1.72.jar;C:\Users\cemis\.m2\repository\com\google\inject\guice\4.1.0\guice-4.1.0-no_aop.jar;C:\Users\cemis\.m2\repository\javax\inject\javax.inject\1\javax.inject-1.jar;C:\Users\cemis\.m2\repository\aopalliance\aopalliance\1.0\aopalliance-1.0.jar;C:\Users\cemis\.m2\repository\org\yaml\snakeyaml\1.21\snakeyaml-1.21.jar;C:\Users\cemis\.m2\repository\com\jayway\jsonpath\json-path\2.4.0\json-path-2.4.0.jar;C:\Users\cemis\.m2\repository\com\google\code\gson\gson\2.8.6\gson-2.8.6.jar;C:\Users\cemis\.m2\repository\io\rest-assured\json-schema-validator\4.3.2\json-schema-validator-4.3.2.jar;C:\Users\cemis\.m2\repository\com\github\java-json-tools\json-schema-validator\2.2.14\json-schema-validator-2.2.14.jar;C:\Users\cemis\.m2\repository\com\github\java-json-tools\jackson-coreutils-equivalence\1.0\jackson-coreutils-equivalence-1.0.jar;C:\Users\cemis\.m2\repository\com\fasterxml\jackson\core\jackson-databind\2.11.0\jackson-databind-2.11.0.jar;C:\Users\cemis\.m2\repository\com\fasterxml\jackson\core\jackson-annotations\2.11.0\jackson-annotations-2.11.0.jar;C:\Users\cemis\.m2\repository\com\fasterxml\jackson\core\jackson-core\2.11.0\jackson-core-2.11.0.jar;C:\Users\cemis\.m2\repository\com\github\java-json-tools\jackson-coreutils\2.0\jackson-coreutils-2.0.jar;C:\Users\cemis\.m2\repository\com\github\java-json-tools\msg-simple\1.2\msg-simple-1.2.jar;C:\Users\cemis\.m2\repository\com\github\java-json-tools\btf\1.3\btf-1.3.jar;C:\Users\cemis\.m2\repository\com\github\java-json-tools\json-schema-core\1.2.14\json-schema-core-1.2.14.jar;C:\Users\cemis\.m2\repository\com\github\java-json-tools\uri-template\0.10\uri-template-0.10.jar;C:\Users\cemis\.m2\repository\org\mozilla\rhino\1.7.7.2\rhino-1.7.7.2.jar;C:\Users\cemis\.m2\repository\com\sun\mail\mailapi\1.6.2\mailapi-1.6.2.jar;C:\Users\cemis\.m2\repository\joda-time\joda-time\2.10.5\joda-time-2.10.5.jar;C:\Users\cemis\.m2\repository\com\googlecode\libphonenumber\libphonenumber\8.11.1\libphonenumber-8.11.1.jar;C:\Users\cemis\.m2\repository\net\sf\jopt-simple\jopt-simple\5.0.4\jopt-simple-5.0.4.jar;C:\Users\cemis\.m2\repository\net\minidev\json-smart\2.3\json-smart-2.3.jar;C:\Users\cemis\.m2\repository\net\minidev\accessors-smart\1.2\accessors-smart-1.2.jar;C:\Users\cemis\.m2\repository\org\ow2\asm\asm\5.0.4\asm-5.0.4.jar;C:\Users\cemis\.m2\repository\log4j\log4j\1.2.17\log4j-1.2.17.jar;"/>
    <property name="java.vm.vendor" value="Oracle Corporation"/>
    <property name="sun.arch.data.model" value="64"/>
    <property name="user.variant" value=""/>
    <property name="java.vendor.url" value="http://java.oracle.com/"/>
    <property name="user.timezone" value="Asia/Istanbul"/>
    <property name="java.vm.specification.version" value="1.8"/>
    <property name="os.name" value="Windows 10"/>
    <property name="user.country" value="US"/>
    <property name="sun.java.launcher" value="SUN_STANDARD"/>
    <property name="sun.boot.library.path" value="C:\Program Files\Java\jdk1.8.0_231\jre\bin"/>
    <property name="sun.java.command" value="C:\Users\cemis\AppData\Local\Temp\surefire3367688252418369165\surefirebooter7115214176513081633.jar C:\Users\cemis\AppData\Local\Temp\surefire3367688252418369165 2022-01-08T22-33-27_985-jvmRun1 surefire6616524093370763377tmp surefire_04566592328001187269tmp"/>
    <property name="surefire.test.class.path" value="C:\Users\cemis\IdeaProjects\Testinium_Case_Study\target\test-classes;C:\Users\cemis\IdeaProjects\Testinium_Case_Study\target\classes;C:\Users\cemis\.m2\repository\org\seleniumhq\selenium\selenium-java\3.141.59\selenium-java-3.141.59.jar;C:\Users\cemis\.m2\repository\org\seleniumhq\selenium\selenium-api\3.141.59\selenium-api-3.141.59.jar;C:\Users\cemis\.m2\repository\org\seleniumhq\selenium\selenium-chrome-driver\3.141.59\selenium-chrome-driver-3.141.59.jar;C:\Users\cemis\.m2\repository\org\seleniumhq\selenium\selenium-edge-driver\3.141.59\selenium-edge-driver-3.141.59.jar;C:\Users\cemis\.m2\repository\org\seleniumhq\selenium\selenium-firefox-driver\3.141.59\selenium-firefox-driver-3.141.59.jar;C:\Users\cemis\.m2\repository\org\seleniumhq\selenium\selenium-ie-driver\3.141.59\selenium-ie-driver-3.141.59.jar;C:\Users\cemis\.m2\repository\org\seleniumhq\selenium\selenium-opera-driver\3.141.59\selenium-opera-driver-3.141.59.jar;C:\Users\cemis\.m2\repository\org\seleniumhq\selenium\selenium-remote-driver\3.141.59\selenium-remote-driver-3.141.59.jar;C:\Users\cemis\.m2\repository\org\seleniumhq\selenium\selenium-safari-driver\3.141.59\selenium-safari-driver-3.141.59.jar;C:\Users\cemis\.m2\repository\org\seleniumhq\selenium\selenium-support\3.141.59\selenium-support-3.141.59.jar;C:\Users\cemis\.m2\repository\net\bytebuddy\byte-buddy\1.8.15\byte-buddy-1.8.15.jar;C:\Users\cemis\.m2\repository\org\apache\commons\commons-exec\1.3\commons-exec-1.3.jar;C:\Users\cemis\.m2\repository\com\google\guava\guava\25.0-jre\guava-25.0-jre.jar;C:\Users\cemis\.m2\repository\com\google\code\findbugs\jsr305\1.3.9\jsr305-1.3.9.jar;C:\Users\cemis\.m2\repository\org\checkerframework\checker-compat-qual\2.0.0\checker-compat-qual-2.0.0.jar;C:\Users\cemis\.m2\repository\com\google\errorprone\error_prone_annotations\2.1.3\error_prone_annotations-2.1.3.jar;C:\Users\cemis\.m2\repository\com\google\j2objc\j2objc-annotations\1.1\j2objc-annotations-1.1.jar;C:\Users\cemis\.m2\repository\org\codehaus\mojo\animal-sniffer-annotations\1.14\animal-sniffer-annotations-1.14.jar;C:\Users\cemis\.m2\repository\com\squareup\okhttp3\okhttp\3.11.0\okhttp-3.11.0.jar;C:\Users\cemis\.m2\repository\com\squareup\okio\okio\1.14.0\okio-1.14.0.jar;C:\Users\cemis\.m2\repository\io\github\bonigarcia\webdrivermanager\4.1.0\webdrivermanager-4.1.0.jar;C:\Users\cemis\.m2\repository\org\slf4j\slf4j-api\1.7.30\slf4j-api-1.7.30.jar;C:\Users\cemis\.m2\repository\commons-io\commons-io\2.7\commons-io-2.7.jar;C:\Users\cemis\.m2\repository\org\apache\commons\commons-lang3\3.10\commons-lang3-3.10.jar;C:\Users\cemis\.m2\repository\org\apache\httpcomponents\client5\httpclient5\5.0.1\httpclient5-5.0.1.jar;C:\Users\cemis\.m2\repository\org\apache\httpcomponents\core5\httpcore5\5.0.1\httpcore5-5.0.1.jar;C:\Users\cemis\.m2\repository\org\apache\httpcomponents\core5\httpcore5-h2\5.0.1\httpcore5-h2-5.0.1.jar;C:\Users\cemis\.m2\repository\commons-codec\commons-codec\1.13\commons-codec-1.13.jar;C:\Users\cemis\.m2\repository\org\rauschig\jarchivelib\1.0.0\jarchivelib-1.0.0.jar;C:\Users\cemis\.m2\repository\org\apache\commons\commons-compress\1.18\commons-compress-1.18.jar;C:\Users\cemis\.m2\repository\org\jsoup\jsoup\1.13.1\jsoup-1.13.1.jar;C:\Users\cemis\.m2\repository\io\cucumber\cucumber-java\5.7.0\cucumber-java-5.7.0.jar;C:\Users\cemis\.m2\repository\io\cucumber\cucumber-core\5.7.0\cucumber-core-5.7.0.jar;C:\Users\cemis\.m2\repository\io\cucumber\cucumber-gherkin\5.7.0\cucumber-gherkin-5.7.0.jar;C:\Users\cemis\.m2\repository\io\cucumber\cucumber-gherkin-vintage\5.7.0\cucumber-gherkin-vintage-5.7.0.jar;C:\Users\cemis\.m2\repository\io\cucumber\tag-expressions\2.0.4\tag-expressions-2.0.4.jar;C:\Users\cemis\.m2\repository\io\cucumber\cucumber-expressions\8.3.1\cucumber-expressions-8.3.1.jar;C:\Users\cemis\.m2\repository\io\cucumber\datatable\3.3.1\datatable-3.3.1.jar;C:\Users\cemis\.m2\repository\io\cucumber\cucumber-plugin\5.7.0\cucumber-plugin-5.7.0.jar;C:\Users\cemis\.m2\repository\io\cucumber\docstring\5.7.0\docstring-5.7.0.jar;C:\Users\cemis\.m2\repository\org\apiguardian\apiguardian-api\1.1.0\apiguardian-api-1.1.0.jar;C:\Users\cemis\.m2\repository\io\cucumber\cucumber-junit\5.7.0\cucumber-junit-5.7.0.jar;C:\Users\cemis\.m2\repository\junit\junit\4.13\junit-4.13.jar;C:\Users\cemis\.m2\repository\org\hamcrest\hamcrest-core\1.3\hamcrest-core-1.3.jar;C:\Users\cemis\.m2\repository\io\rest-assured\rest-assured\4.3.3\rest-assured-4.3.3.jar;C:\Users\cemis\.m2\repository\org\codehaus\groovy\groovy\3.0.7\groovy-3.0.7.jar;C:\Users\cemis\.m2\repository\org\codehaus\groovy\groovy-xml\3.0.7\groovy-xml-3.0.7.jar;C:\Users\cemis\.m2\repository\org\apache\httpcomponents\httpclient\4.5.3\httpclient-4.5.3.jar;C:\Users\cemis\.m2\repository\org\apache\httpcomponents\httpcore\4.4.6\httpcore-4.4.6.jar;C:\Users\cemis\.m2\repository\commons-logging\commons-logging\1.2\commons-logging-1.2.jar;C:\Users\cemis\.m2\repository\org\apache\httpcomponents\httpmime\4.5.3\httpmime-4.5.3.jar;C:\Users\cemis\.m2\repository\org\hamcrest\hamcrest\2.1\hamcrest-2.1.jar;C:\Users\cemis\.m2\repository\org\ccil\cowan\tagsoup\tagsoup\1.2.1\tagsoup-1.2.1.jar;C:\Users\cemis\.m2\repository\io\rest-assured\json-path\4.3.3\json-path-4.3.3.jar;C:\Users\cemis\.m2\repository\org\codehaus\groovy\groovy-json\3.0.7\groovy-json-3.0.7.jar;C:\Users\cemis\.m2\repository\io\rest-assured\rest-assured-common\4.3.3\rest-assured-common-4.3.3.jar;C:\Users\cemis\.m2\repository\io\rest-assured\xml-path\4.3.3\xml-path-4.3.3.jar;C:\Users\cemis\.m2\repository\jakarta\xml\bind\jakarta.xml.bind-api\2.3.3\jakarta.xml.bind-api-2.3.3.jar;C:\Users\cemis\.m2\repository\jakarta\activation\jakarta.activation-api\1.2.2\jakarta.activation-api-1.2.2.jar;C:\Users\cemis\.m2\repository\com\sun\xml\bind\jaxb-impl\2.3.3\jaxb-impl-2.3.3.jar;C:\Users\cemis\.m2\repository\org\testng\testng\7.1.0\testng-7.1.0.jar;C:\Users\cemis\.m2\repository\com\beust\jcommander\1.72\jcommander-1.72.jar;C:\Users\cemis\.m2\repository\com\google\inject\guice\4.1.0\guice-4.1.0-no_aop.jar;C:\Users\cemis\.m2\repository\javax\inject\javax.inject\1\javax.inject-1.jar;C:\Users\cemis\.m2\repository\aopalliance\aopalliance\1.0\aopalliance-1.0.jar;C:\Users\cemis\.m2\repository\org\yaml\snakeyaml\1.21\snakeyaml-1.21.jar;C:\Users\cemis\.m2\repository\com\jayway\jsonpath\json-path\2.4.0\json-path-2.4.0.jar;C:\Users\cemis\.m2\repository\com\google\code\gson\gson\2.8.6\gson-2.8.6.jar;C:\Users\cemis\.m2\repository\io\rest-assured\json-schema-validator\4.3.2\json-schema-validator-4.3.2.jar;C:\Users\cemis\.m2\repository\com\github\java-json-tools\json-schema-validator\2.2.14\json-schema-validator-2.2.14.jar;C:\Users\cemis\.m2\repository\com\github\java-json-tools\jackson-coreutils-equivalence\1.0\jackson-coreutils-equivalence-1.0.jar;C:\Users\cemis\.m2\repository\com\fasterxml\jackson\core\jackson-databind\2.11.0\jackson-databind-2.11.0.jar;C:\Users\cemis\.m2\repository\com\fasterxml\jackson\core\jackson-annotations\2.11.0\jackson-annotations-2.11.0.jar;C:\Users\cemis\.m2\repository\com\fasterxml\jackson\core\jackson-core\2.11.0\jackson-core-2.11.0.jar;C:\Users\cemis\.m2\repository\com\github\java-json-tools\jackson-coreutils\2.0\jackson-coreutils-2.0.jar;C:\Users\cemis\.m2\repository\com\github\java-json-tools\msg-simple\1.2\msg-simple-1.2.jar;C:\Users\cemis\.m2\repository\com\github\java-json-tools\btf\1.3\btf-1.3.jar;C:\Users\cemis\.m2\repository\com\github\java-json-tools\json-schema-core\1.2.14\json-schema-core-1.2.14.jar;C:\Users\cemis\.m2\repository\com\github\java-json-tools\uri-template\0.10\uri-template-0.10.jar;C:\Users\cemis\.m2\repository\org\mozilla\rhino\1.7.7.2\rhino-1.7.7.2.jar;C:\Users\cemis\.m2\repository\com\sun\mail\mailapi\1.6.2\mailapi-1.6.2.jar;C:\Users\cemis\.m2\repository\joda-time\joda-time\2.10.5\joda-time-2.10.5.jar;C:\Users\cemis\.m2\repository\com\googlecode\libphonenumber\libphonenumber\8.11.1\libphonenumber-8.11.1.jar;C:\Users\cemis\.m2\repository\net\sf\jopt-simple\jopt-simple\5.0.4\jopt-simple-5.0.4.jar;C:\Users\cemis\.m2\repository\net\minidev\json-smart\2.3\json-smart-2.3.jar;C:\Users\cemis\.m2\repository\net\minidev\accessors-smart\1.2\accessors-smart-1.2.jar;C:\Users\cemis\.m2\repository\org\ow2\asm\asm\5.0.4\asm-5.0.4.jar;C:\Users\cemis\.m2\repository\log4j\log4j\1.2.17\log4j-1.2.17.jar;"/>
    <property name="sun.cpu.endian" value="little"/>
    <property name="user.home" value="C:\Users\cemis"/>
    <property name="user.language" value="en"/>
    <property name="java.specification.vendor" value="Oracle Corporation"/>
    <property name="java.home" value="C:\Program Files\Java\jdk1.8.0_231\jre"/>
    <property name="basedir" value="C:\Users\cemis\IdeaProjects\Testinium_Case_Study"/>
    <property name="file.separator" value="\"/>
    <property name="line.separator" value="&#10;"/>
    <property name="java.vm.specification.vendor" value="Oracle Corporation"/>
    <property name="java.specification.name" value="Java Platform API Specification"/>
    <property name="java.awt.graphicsenv" value="sun.awt.Win32GraphicsEnvironment"/>
    <property name="surefire.real.class.path" value="C:\Users\cemis\AppData\Local\Temp\surefire3367688252418369165\surefirebooter7115214176513081633.jar"/>
    <property name="sun.boot.class.path" value="C:\Program Files\Java\jdk1.8.0_231\jre\lib\resources.jar;C:\Program Files\Java\jdk1.8.0_231\jre\lib\rt.jar;C:\Program Files\Java\jdk1.8.0_231\jre\lib\sunrsasign.jar;C:\Program Files\Java\jdk1.8.0_231\jre\lib\jsse.jar;C:\Program Files\Java\jdk1.8.0_231\jre\lib\jce.jar;C:\Program Files\Java\jdk1.8.0_231\jre\lib\charsets.jar;C:\Program Files\Java\jdk1.8.0_231\jre\lib\jfr.jar;C:\Program Files\Java\jdk1.8.0_231\jre\classes"/>
    <property name="user.script" value=""/>
    <property name="sun.management.compiler" value="HotSpot 64-Bit Tiered Compilers"/>
    <property name="java.runtime.version" value="1.8.0_231-b11"/>
    <property name="user.name" value="cemis"/>
    <property name="path.separator" value=";"/>
    <property name="os.version" value="10.0"/>
    <property name="java.endorsed.dirs" value="C:\Program Files\Java\jdk1.8.0_231\jre\lib\endorsed"/>
    <property name="java.runtime.name" value="Java(TM) SE Runtime Environment"/>
    <property name="file.encoding" value="Cp1252"/>
    <property name="java.vm.name" value="Java HotSpot(TM) 64-Bit Server VM"/>
    <property name="localRepository" value="C:\Users\cemis\.m2\repository"/>
    <property name="java.vendor.url.bug" value="http://bugreport.sun.com/bugreport/"/>
    <property name="java.io.tmpdir" value="C:\Users\cemis\AppData\Local\Temp\"/>
    <property name="idea.version" value="2021.2"/>
    <property name="java.version" value="1.8.0_231"/>
    <property name="user.dir" value="C:\Users\cemis\IdeaProjects\Testinium_Case_Study"/>
    <property name="os.arch" value="amd64"/>
    <property name="java.vm.specification.name" value="Java Virtual Machine Specification"/>
    <property name="java.awt.printerjob" value="sun.awt.windows.WPrinterJob"/>
    <property name="sun.os.patch.level" value=""/>
    <property name="java.library.path" value="C:\Program Files\Java\jdk1.8.0_231\jre\bin;C:\WINDOWS\Sun\Java\bin;C:\WINDOWS\system32;C:\WINDOWS;C:\Program Files (x86)\Common Files\Oracle\Java\javapath;C:\WINDOWS\system32;C:\WINDOWS;C:\WINDOWS\System32\Wbem;C:\WINDOWS\System32\WindowsPowerShell\v1.0\;C:\WINDOWS\System32\OpenSSH\;C:\apache-maven-3.8.2\bin;C:\Program Files\Java\jdk1.8.0_231\bin;C:\Program Files\Git\cmd;C:\Program Files\Calibre2\;C:\Program Files\Microsoft SQL Server\Client SDK\ODBC\130\Tools\Binn\;C:\Program Files (x86)\Microsoft SQL Server\140\Tools\Binn\;C:\Program Files\Microsoft SQL Server\140\Tools\Binn\;C:\Program Files\Microsoft SQL Server\140\DTS\Binn\;C:\Program Files (x86)\Microsoft SQL Server\150\DTS\Binn\;C:\Program Files\Azure Data Studio\bin;C:\Users\cemis\AppData\Local\Microsoft\WindowsApps;C:\Program Files\Java\jdk1.8.0_231\bin;C:\Users\cemis\AppData\Local\GitHubDesktop\bin;C:\Program Files\Azure Data Studio\bin;;."/>
    <property name="java.vm.info" value="mixed mode"/>
    <property name="java.vendor" value="Oracle Corporation"/>
    <property name="java.vm.version" value="25.231-b11"/>
    <property name="java.ext.dirs" value="C:\Program Files\Java\jdk1.8.0_231\jre\lib\ext;C:\WINDOWS\Sun\Java\lib\ext"/>
    <property name="sun.io.unicode.encoding" value="UnicodeLittle"/>
    <property name="java.class.version" value="52.0"/>
  </properties>
</testsuite>